<?xml version="1.0" encoding="UTF-8"?>
<testng-results ignored="1" total="2" passed="1" failed="0" skipped="0">
  <reporter-output>
  </reporter-output>
  <suite started-at="2022-02-12T23:41:11 IST" name="Default suite" finished-at="2022-02-12T23:41:19 IST" duration-ms="8580">
    <groups>
    </groups>
    <test started-at="2022-02-12T23:41:11 IST" name="Default test" finished-at="2022-02-12T23:41:19 IST" duration-ms="8580">
      <class name="Alerts">
        <test-method signature="alert()[pri:0, instance:Alerts@6e0f5f7f]" started-at="2022-02-12T23:41:11 IST" name="alert" finished-at="2022-02-12T23:41:19 IST" duration-ms="8528" status="PASS">
          <reporter-output>
          </reporter-output>
        </test-method> <!-- alert -->
      </class> <!-- Alerts -->
    </test> <!-- Default test -->
  </suite> <!-- Default suite -->
</testng-results>
